INFO 2022-09-21 15:00:49,303 [trainer.py:__init__:43] Model Info
=========================================================================================================
Layer (type:depth-idx)                                  Output Shape              Param #
=========================================================================================================
YOLOV5                                                  [1, 25200, 12]            --
├─CSPDarknet: 1-1                                       [1, 128, 80, 80]          --
│    └─ConvBnAct: 2-1                                   [1, 32, 320, 320]         3,520
│    └─Sequential: 2-2                                  [1, 64, 160, 160]         37,376
│    └─Sequential: 2-3                                  [1, 128, 80, 80]          189,696
│    └─Sequential: 2-4                                  [1, 256, 40, 40]          920,576
│    └─Sequential: 2-5                                  [1, 512, 20, 20]          3,020,288
├─PAFPN: 1-2                                            [1, 128, 80, 80]          --
│    └─ConvBnAct: 2-6                                   [1, 256, 20, 20]          131,584
│    └─Upsample: 2-7                                    [1, 256, 40, 40]          --
│    └─Concat: 2-8                                      [1, 512, 40, 40]          --
│    └─C3Bottleneck: 2-9                                [1, 256, 40, 40]          361,984
│    └─ConvBnAct: 2-10                                  [1, 128, 40, 40]          33,024
│    └─Upsample: 2-11                                   [1, 128, 80, 80]          --
│    └─Concat: 2-12                                     [1, 256, 80, 80]          --
│    └─C3Bottleneck: 2-13                               [1, 128, 80, 80]          90,880
│    └─ConvBnAct: 2-14                                  [1, 128, 40, 40]          147,712
│    └─Concat: 2-15                                     [1, 256, 40, 40]          --
│    └─C3Bottleneck: 2-16                               [1, 256, 40, 40]          296,448
│    └─ConvBnAct: 2-17                                  [1, 256, 20, 20]          590,336
│    └─Concat: 2-18                                     [1, 512, 20, 20]          --
│    └─C3Bottleneck: 2-19                               [1, 512, 20, 20]          1,182,720
├─YOLOV5Head: 1-3                                       [1, 25200, 12]            --
=========================================================================================================
Total params: 7,038,508
Trainable params: 7,038,508
Non-trainable params: 0
Total mult-adds (G): 8.11
=========================================================================================================
Input size (MB): 4.92
Forward/backward pass size (MB): 377.61
Params size (MB): 26.05
Estimated Total Size (MB): 408.58
=========================================================================================================
INFO 2022-09-21 15:00:49,320 [yolo.py:__init__:58] Loaded cache labels: 448 found, 0 missing, 1 empty, 0 corrupt.
INFO 2022-09-21 15:00:49,326 [yolo.py:__init__:58] Loaded cache labels: 127 found, 0 missing, 0 empty, 0 corrupt.
INFO 2022-09-21 15:16:34,331 [yolo.py:__init__:58] Loaded cache labels: 63 found, 0 missing, 0 empty, 0 corrupt.
INFO 2022-09-21 15:16:37,182 [trainer.py:test_epoch_end:120] Testing finished...
INFO 2022-09-21 15:16:37,204 [trainer.py:test_epoch_end:122]                             Details Per Class                             
┏━━━━━━━━━━━┳━━━━━━━━┳━━━━━━━━━━━━━┳━━━━━━━┳━━━━━━━┳━━━━━━━━┳━━━━━━━━━━━━┓
┃     Class ┃ Images ┃ Num_Targets ┃     P ┃     R ┃ mAP@.5 ┃ mAP@.5:.95 ┃
┡━━━━━━━━━━━╇━━━━━━━━╇━━━━━━━━━━━━━╇━━━━━━━╇━━━━━━━╇━━━━━━━━╇━━━━━━━━━━━━┩
│      fish │     63 │         249 │ 0.756 │ 0.691 │  0.753 │      0.405 │
│ jellyfish │     63 │         154 │ 0.778 │ 0.818 │  0.869 │      0.493 │
│   penguin │     63 │          82 │  0.78 │ 0.649 │  0.705 │      0.268 │
│    puffin │     63 │          35 │ 0.577 │ 0.314 │  0.421 │      0.167 │
│     shark │     63 │          38 │ 0.819 │ 0.714 │  0.788 │      0.501 │
│  starfish │     63 │          11 │   1.0 │ 0.524 │  0.684 │      0.362 │
│  stingray │     63 │          15 │ 0.903 │   0.6 │   0.69 │      0.476 │
└───────────┴────────┴─────────────┴───────┴───────┴────────┴────────────┘
INFO 2022-09-21 15:16:48,357 [trainer.py:test_epoch_end:148]                         Average Precision (AP)                         
┏━━━━━━━┳━━━━━━━━━━┳━━━━━━━━━━┳━━━━━━━━━━━━┳━━━━━━━━━━━━━┳━━━━━━━━━━━━┓
┃   mAP ┃ mAP(.50) ┃ mAP(.75) ┃ mAP(small) ┃ mAP(medium) ┃ mAP(large) ┃
┡━━━━━━━╇━━━━━━━━━━╇━━━━━━━━━━╇━━━━━━━━━━━━╇━━━━━━━━━━━━━╇━━━━━━━━━━━━┩
│ 0.378 │    0.696 │    0.372 │       0.16 │       0.256 │      0.438 │
└───────┴──────────┴──────────┴────────────┴─────────────┴────────────┘
INFO 2022-09-21 15:16:48,361 [trainer.py:test_epoch_end:149]                              Average Recall (AR)                              
┏━━━━━━━┳━━━━━━━━━━━━━┳━━━━━━━━━━━━━━┳━━━━━━━━━━━━┳━━━━━━━━━━━━━┳━━━━━━━━━━━━┓
┃   mAR ┃ mAR(max=10) ┃ mAR(max=100) ┃ mAR(small) ┃ mAR(medium) ┃ mAR(large) ┃
┡━━━━━━━╇━━━━━━━━━━━━━╇━━━━━━━━━━━━━━╇━━━━━━━━━━━━╇━━━━━━━━━━━━━╇━━━━━━━━━━━━┩
│ 0.078 │       0.325 │        0.529 │      0.287 │        0.46 │      0.606 │
└───────┴─────────────┴──────────────┴────────────┴─────────────┴────────────┘
INFO 2022-09-21 15:16:48,559 [yolov5.py:fuse:44] Fusing Layers...
INFO 2022-09-21 15:16:48,685 [trainer.py:to_torchscript:240] Starting export with torch 1.11.0+cu102...
INFO 2022-09-21 15:16:50,850 [trainer.py:to_torchscript:260] Saved torchscript model @ test1.pt...
